<?xml version="1.0" encoding="UTF-8"?>
<!-- Generated by org.testng.reporters.JUnitReportReporter -->
<testsuite hostname="Subbu" failures="0" tests="2" name="Automation.AppiumTest" time="0.015" errors="0" timestamp="2020-04-07T16:14:46 IST" skipped="0">
  <testcase classname="Automation.AppiumTest" name="nativeAppAndroid" time="0.000"/>
  <system-out/>
  <testcase classname="Automation.AppiumTest" name="IosApps" time="0.015"/>
  <system-out/>
</testsuite> <!-- Automation.AppiumTest -->
