<?xml version="1.0" encoding="UTF-8"?>
<!-- Generated by org.testng.reporters.JUnitReportReporter -->
<testsuite hostname="Subbu" failures="0" tests="2" name="Automation.SelenimTest" time="0.000" errors="0" timestamp="2020-04-07T16:14:46 IST" skipped="0">
  <testcase classname="Automation.SelenimTest" name="browserTesting" time="0.000"/>
  <system-out/>
  <testcase classname="Automation.SelenimTest" name="elemnetsUi" time="0.000"/>
  <system-out/>
</testsuite> <!-- Automation.SelenimTest -->
